0 info it worked if it ends with ok
1 verbose cli [ '/usr/bin/node', '/usr/bin/npm', 'install', 'Q' ]
2 info using npm@1.4.28
3 info using node@v0.10.33
4 verbose node symlink /usr/bin/node
5 verbose readDependencies using package.json deps
6 verbose cache add [ 'Q', null ]
7 verbose cache add name=undefined spec="Q" args=["Q",null]
8 verbose parsed url { protocol: null,
8 verbose parsed url   slashes: null,
8 verbose parsed url   auth: null,
8 verbose parsed url   host: null,
8 verbose parsed url   port: null,
8 verbose parsed url   hostname: null,
8 verbose parsed url   hash: null,
8 verbose parsed url   search: null,
8 verbose parsed url   query: null,
8 verbose parsed url   pathname: 'Q',
8 verbose parsed url   path: 'Q',
8 verbose parsed url   href: 'Q' }
9 silly lockFile c3156e00-Q Q
10 verbose lock Q /home/keroles/.npm/c3156e00-Q.lock
11 silly lockFile c3156e00-Q Q
12 silly lockFile c3156e00-Q Q
13 verbose addNamed [ 'Q', '' ]
14 verbose addNamed [ null, '*' ]
15 silly lockFile 561e3931-Q Q@
16 verbose lock Q@ /home/keroles/.npm/561e3931-Q.lock
17 silly addNameRange { name: 'Q', range: '*', hasData: false }
18 verbose request where is /Q
19 verbose request registry https://registry.npmjs.org/
20 verbose request id 9fcbe1ccff71a52b
21 verbose url raw /Q
22 verbose url resolving [ 'https://registry.npmjs.org/', './Q' ]
23 verbose url resolved https://registry.npmjs.org/Q
24 verbose request where is https://registry.npmjs.org/Q
25 info trying registry request attempt 1 at 14:25:24
26 http GET https://registry.npmjs.org/Q
27 http 404 https://registry.npmjs.org/Q
28 verbose headers { date: 'Wed, 31 Dec 2014 19:25:24 GMT',
28 verbose headers   server: 'CouchDB/1.5.0 (Erlang OTP/R16B03)',
28 verbose headers   'content-type': 'application/json',
28 verbose headers   'cache-control': 'max-age=0',
28 verbose headers   'content-length': '52',
28 verbose headers   'accept-ranges': 'bytes',
28 verbose headers   via: '1.1 varnish',
28 verbose headers   age: '0',
28 verbose headers   'x-served-by': 'cache-atl6222-ATL',
28 verbose headers   'x-cache': 'MISS',
28 verbose headers   'x-cache-hits': '0',
28 verbose headers   'x-timer': 'S1420053924.266149,VS0,VE309',
28 verbose headers   'keep-alive': 'timeout=10, max=50',
28 verbose headers   connection: 'Keep-Alive' }
29 silly registry.get cb [ 404,
29 silly registry.get   { date: 'Wed, 31 Dec 2014 19:25:24 GMT',
29 silly registry.get     server: 'CouchDB/1.5.0 (Erlang OTP/R16B03)',
29 silly registry.get     'content-type': 'application/json',
29 silly registry.get     'cache-control': 'max-age=0',
29 silly registry.get     'content-length': '52',
29 silly registry.get     'accept-ranges': 'bytes',
29 silly registry.get     via: '1.1 varnish',
29 silly registry.get     age: '0',
29 silly registry.get     'x-served-by': 'cache-atl6222-ATL',
29 silly registry.get     'x-cache': 'MISS',
29 silly registry.get     'x-cache-hits': '0',
29 silly registry.get     'x-timer': 'S1420053924.266149,VS0,VE309',
29 silly registry.get     'keep-alive': 'timeout=10, max=50',
29 silly registry.get     connection: 'Keep-Alive' } ]
30 silly lockFile 561e3931-Q Q@
31 silly lockFile 561e3931-Q Q@
32 error 404 404 Not Found: Q
32 error 404
32 error 404 'Q' is not in the npm registry.
32 error 404 You should bug the author to publish it
32 error 404 It was specified as a dependency of 'LeagueApp'
32 error 404
32 error 404 Note that you can also install from a
32 error 404 tarball, folder, or http url, or git url.
33 error System Linux 3.13.0-39-generic
34 error command "/usr/bin/node" "/usr/bin/npm" "install" "Q"
35 error cwd /home/keroles/Documents/LeagueApp
36 error node -v v0.10.33
37 error npm -v 1.4.28
38 error code E404
39 verbose exit [ 1, true ]
